Java_BT_lib/app/build/intermediates/proguard-rules/release/aapt_rules.txt
# view AndroidManifest.xml #generated:19
-keep class com.techtweaking.bluetoothcontroller.ForwardingActivity { <init>(...); }