Java_BT_lib/app/build/outputs/mapping/release/seeds.txt
com.techtweaking.bluetoothcontroller.BluetoothConnection
com.techtweaking.bluetoothcontroller.BluetoothConnection: BluetoothConnection(int)
com.techtweaking.bluetoothcontroller.BluetoothConnection: BluetoothConnection()
com.techtweaking.bluetoothcontroller.BluetoothConnection: void enableReading(int)
com.techtweaking.bluetoothcontroller.BluetoothConnection: void disableReading()
com.techtweaking.bluetoothcontroller.BluetoothConnection: void enableSending()
com.techtweaking.bluetoothcontroller.BluetoothConnection: void disableSending()
com.techtweaking.bluetoothcontroller.BluetoothConnection: boolean isReading()
com.techtweaking.bluetoothcontroller.BluetoothConnection: byte[] read(int)
com.techtweaking.bluetoothcontroller.BluetoothConnection: byte[] readAllPackets()
com.techtweaking.bluetoothcontroller.BluetoothConnection: void setPacketSize(int)
com.techtweaking.bluetoothcontroller.BluetoothConnection: void setEndByte(byte)
com.techtweaking.bluetoothcontroller.BluetoothConnection: byte[] read()
com.techtweaking.bluetoothcontroller.BluetoothConnection: void normal_connect(boolean,boolean)
com.techtweaking.bluetoothcontroller.BluetoothConnection: void connect(int,int,boolean,boolean,boolean)
com.techtweaking.bluetoothcontroller.BluetoothConnection: void close()
com.techtweaking.bluetoothcontroller.BluetoothConnection: void setID(int)
com.techtweaking.bluetoothcontroller.BluetoothConnection: int getID()
com.techtweaking.bluetoothcontroller.BluetoothConnection$ConnectionMode: com.techtweaking.bluetoothcontroller.BluetoothConnection$ConnectionMode[] values()
com.techtweaking.bluetoothcontroller.BluetoothConnection$ConnectionMode: com.techtweaking.bluetoothcontroller.BluetoothConnection$ConnectionMode valueOf(java.lang.String)
com.techtweaking.bluetoothcontroller.Bridge
com.techtweaking.bluetoothcontroller.Bridge: com.techtweaking.bluetoothcontroller.Bridge getInstance(java.lang.String)
com.techtweaking.bluetoothcontroller.Bridge: void renameUnityObject(java.lang.String)
com.techtweaking.bluetoothcontroller.Bridge: com.techtweaking.bluetoothcontroller.BluetoothConnection createBlutoothConnectionObject(int)
com.techtweaking.bluetoothcontroller.Bridge: void askEnableBluetooth()
com.techtweaking.bluetoothcontroller.Bridge: void registerStateReceiver()
com.techtweaking.bluetoothcontroller.Bridge: void deRegisterStateReceiver()
com.techtweaking.bluetoothcontroller.Bridge: boolean enableBluetooth()
com.techtweaking.bluetoothcontroller.Bridge: boolean disableBluetooth()
com.techtweaking.bluetoothcontroller.Bridge: boolean isBluetoothEnabled()
com.techtweaking.bluetoothcontroller.Bridge: void showDevices()
com.techtweaking.bluetoothcontroller.Bridge: boolean startDiscovery()
com.techtweaking.bluetoothcontroller.Bridge: boolean refreshDiscovery()
com.techtweaking.bluetoothcontroller.Bridge: boolean cancelDiscovery()
com.techtweaking.bluetoothcontroller.Bridge: void releaseDiscoveryResources()
com.techtweaking.bluetoothcontroller.Bridge: void makeDiscoverable(int)
com.techtweaking.bluetoothcontroller.Bridge: void initServer(java.lang.String,int,boolean)
com.techtweaking.bluetoothcontroller.Bridge: com.techtweaking.bluetoothcontroller.BluetoothConnection getPickedDevice(int)
com.techtweaking.bluetoothcontroller.ForwardingActivity
com.techtweaking.bluetoothcontroller.ForwardingActivity: ForwardingActivity()
com.techtweaking.bluetoothcontroller.PluginToUnity$ControlMessages: com.techtweaking.bluetoothcontroller.PluginToUnity$ControlMessages[] values()
com.techtweaking.bluetoothcontroller.PluginToUnity$ControlMessages: com.techtweaking.bluetoothcontroller.PluginToUnity$ControlMessages valueOf(java.lang.String)
com.techtweaking.bluetoothcontroller.R
com.techtweaking.bluetoothcontroller.R$attr
com.techtweaking.bluetoothcontroller.R$drawable
com.techtweaking.bluetoothcontroller.R$string
com.techtweaking.bluetoothcontroller.R$style