Java_BT_lib/app/build/outputs/mapping/release/usage.txt
com.techtweaking.bluetoothcontroller.BluetoothDevicePicker
com.techtweaking.bluetoothcontroller.Bridge:
    298:302:private void IntToBytes(byte[],int,int)
com.techtweaking.bluetoothcontroller.BtInterface:
    889:895:private void abortServer()
com.techtweaking.bluetoothcontroller.BtInterface$AcceptThread:
    914:914:public boolean isRunning()
    918:919:public void stopServer()
com.techtweaking.bluetoothcontroller.BtInterface$NormalConnectThread:
    668:670:public void cancel()
com.techtweaking.bluetoothcontroller.BtReader$BtElement:
    67:70:public void flush(int)
com.techtweaking.bluetoothcontroller.BtReader$ReadingThreads:
    190:190:private BtReader$ReadingThreads()
com.techtweaking.bluetoothcontroller.BtSender:
    73:92:void addCloseJob(java.io.BufferedOutputStream)
com.techtweaking.bluetoothcontroller.BtSender$Job:
    39:54:public BtSender$Job(com.techtweaking.bluetoothcontroller.BtSender,java.io.BufferedOutputStream)
com.techtweaking.bluetoothcontroller.BuildConfig
com.techtweaking.bluetoothcontroller.ForwardingActivity:
    private static final int REQUEST_DISCOVERABLE_CODE
com.techtweaking.bluetoothcontroller.PluginToUnity:
    12:14:private PluginToUnity()
com.techtweaking.library.CircularArrayList:
    304:311:public void flush(int)
    313:317:public byte[] pollAll(int)